mode: atomic
github.com/pangolin-do-golang/thumb-processor-api/internal/adapters/db/thumb.go:16.44,18.2 1 0
github.com/pangolin-do-golang/thumb-processor-api/internal/adapters/db/thumb.go:20.66,22.2 1 0
github.com/pangolin-do-golang/thumb-processor-api/internal/adapters/db/thumb.go:24.63,27.2 1 0
github.com/pangolin-do-golang/thumb-processor-api/internal/adapters/db/thumb.go:29.80,32.2 1 0
github.com/pangolin-do-golang/thumb-processor-api/internal/adapters/db/thumb.go:34.74,36.2 1 0
github.com/pangolin-do-golang/thumb-processor-api/internal/adapters/db/thumb.go:38.67,40.2 1 0
github.com/pangolin-do-golang/thumb-processor-api/internal/core/thumb/thumb_service.go:10.33,12.2 1 0
github.com/pangolin-do-golang/thumb-processor-api/internal/core/thumb/thumb_service.go:14.57,18.2 2 0
github.com/pangolin-do-golang/thumb-processor-api/internal/adapters/rest/middleware/authmiddleware.go:8.75,9.30 1 6
github.com/pangolin-do-golang/thumb-processor-api/internal/adapters/rest/middleware/authmiddleware.go:9.30,13.10 3 6
github.com/pangolin-do-golang/thumb-processor-api/internal/adapters/rest/middleware/authmiddleware.go:13.10,16.4 2 1
github.com/pangolin-do-golang/thumb-processor-api/internal/adapters/rest/middleware/authmiddleware.go:18.3,19.30 2 5
github.com/pangolin-do-golang/thumb-processor-api/internal/adapters/rest/middleware/authmiddleware.go:19.30,22.4 2 4
github.com/pangolin-do-golang/thumb-processor-api/internal/adapters/rest/middleware/authmiddleware.go:24.3,24.11 1 1
github.com/pangolin-do-golang/thumb-processor-api/internal/adapters/rest/middleware/cors_middleware.go:5.39,6.30 1 4
github.com/pangolin-do-golang/thumb-processor-api/internal/adapters/rest/middleware/cors_middleware.go:6.30,11.36 4 4
github.com/pangolin-do-golang/thumb-processor-api/internal/adapters/rest/middleware/cors_middleware.go:11.36,14.4 2 1
github.com/pangolin-do-golang/thumb-processor-api/internal/adapters/rest/middleware/cors_middleware.go:16.3,16.11 1 3
github.com/pangolin-do-golang/thumb-processor-api/internal/adapters/db/thumb.go:16.44,18.2 1 0
github.com/pangolin-do-golang/thumb-processor-api/internal/adapters/db/thumb.go:20.66,22.2 1 0
github.com/pangolin-do-golang/thumb-processor-api/internal/adapters/db/thumb.go:24.63,27.2 1 0
github.com/pangolin-do-golang/thumb-processor-api/internal/adapters/db/thumb.go:29.80,32.2 1 0
github.com/pangolin-do-golang/thumb-processor-api/internal/adapters/db/thumb.go:34.74,36.2 1 0
github.com/pangolin-do-golang/thumb-processor-api/internal/adapters/db/thumb.go:38.67,40.2 1 0
github.com/pangolin-do-golang/thumb-processor-api/internal/adapters/rest/server/server.go:18.54,20.2 1 0
github.com/pangolin-do-golang/thumb-processor-api/internal/adapters/rest/server/server.go:22.30,25.40 3 0
github.com/pangolin-do-golang/thumb-processor-api/internal/adapters/rest/server/server.go:25.40,27.3 1 0
github.com/pangolin-do-golang/thumb-processor-api/internal/adapters/rest/server/server.go:28.2,38.16 6 0
github.com/pangolin-do-golang/thumb-processor-api/internal/adapters/rest/server/server.go:38.16,39.13 1 0
github.com/pangolin-do-golang/thumb-processor-api/internal/core/thumb/thumb_service.go:10.33,12.2 1 0
github.com/pangolin-do-golang/thumb-processor-api/internal/core/thumb/thumb_service.go:14.57,18.2 2 0
github.com/pangolin-do-golang/thumb-processor-api/internal/errutil/errors.go:13.32,15.2 1 1
github.com/pangolin-do-golang/thumb-processor-api/internal/errutil/errors.go:17.53,23.2 1 1
github.com/pangolin-do-golang/thumb-processor-api/internal/errutil/errors.go:25.38,30.2 1 1
github.com/pangolin-do-golang/thumb-processor-api/internal/adapters/db/thumb.go:16.44,18.2 1 0
github.com/pangolin-do-golang/thumb-processor-api/internal/adapters/db/thumb.go:20.66,22.2 1 0
github.com/pangolin-do-golang/thumb-processor-api/internal/adapters/db/thumb.go:24.63,27.2 1 0
github.com/pangolin-do-golang/thumb-processor-api/internal/adapters/db/thumb.go:29.80,32.2 1 0
github.com/pangolin-do-golang/thumb-processor-api/internal/adapters/db/thumb.go:34.74,36.2 1 0
github.com/pangolin-do-golang/thumb-processor-api/internal/adapters/db/thumb.go:38.67,40.2 1 0
github.com/pangolin-do-golang/thumb-processor-api/internal/core/thumb/thumb_service.go:10.33,12.2 1 0
github.com/pangolin-do-golang/thumb-processor-api/internal/core/thumb/thumb_service.go:14.57,18.2 2 0
github.com/pangolin-do-golang/thumb-processor-api/internal/core/users/users.go:14.37,16.29 2 3
github.com/pangolin-do-golang/thumb-processor-api/internal/core/users/users.go:16.29,18.3 1 6
github.com/pangolin-do-golang/thumb-processor-api/internal/core/users/users.go:19.2,19.17 1 3
github.com/pangolin-do-golang/thumb-processor-api/internal/core/users/users.go:22.44,24.2 1 2
github.com/pangolin-do-golang/thumb-processor-api/internal/adapters/db/thumb.go:16.44,18.2 1 0
github.com/pangolin-do-golang/thumb-processor-api/internal/adapters/db/thumb.go:20.66,22.2 1 0
github.com/pangolin-do-golang/thumb-processor-api/internal/adapters/db/thumb.go:24.63,27.2 1 0
github.com/pangolin-do-golang/thumb-processor-api/internal/adapters/db/thumb.go:29.80,32.2 1 0
github.com/pangolin-do-golang/thumb-processor-api/internal/adapters/db/thumb.go:34.74,36.2 1 0
github.com/pangolin-do-golang/thumb-processor-api/internal/adapters/db/thumb.go:38.67,40.2 1 0
github.com/pangolin-do-golang/thumb-processor-api/internal/adapters/rest/handler/login.go:19.62,20.52 1 3
github.com/pangolin-do-golang/thumb-processor-api/internal/adapters/rest/handler/login.go:20.52,23.10 2 3
github.com/pangolin-do-golang/thumb-processor-api/internal/adapters/rest/handler/login.go:23.10,26.4 2 1
github.com/pangolin-do-golang/thumb-processor-api/internal/adapters/rest/handler/login.go:28.3,31.5 1 2
github.com/pangolin-do-golang/thumb-processor-api/internal/adapters/rest/handler/swagger.go:9.50,11.2 1 1
github.com/pangolin-do-golang/thumb-processor-api/internal/adapters/rest/handler/user.go:25.45,27.2 1 1
github.com/pangolin-do-golang/thumb-processor-api/internal/adapters/rest/handler/user.go:29.40,31.47 2 4
github.com/pangolin-do-golang/thumb-processor-api/internal/adapters/rest/handler/user.go:31.47,34.3 2 3
github.com/pangolin-do-golang/thumb-processor-api/internal/adapters/rest/handler/user.go:36.2,38.75 2 1
github.com/pangolin-do-golang/thumb-processor-api/internal/core/thumb/thumb_service.go:10.33,12.2 1 0
github.com/pangolin-do-golang/thumb-processor-api/internal/core/thumb/thumb_service.go:14.57,18.2 2 0
